<?xml version="1.0" encoding="UTF-8"?>
<testsuite xmlns:xsi="http://www.w3.org/2001/XMLSchema-instance" xsi:noNamespaceSchemaLocation="https://maven.apache.org/surefire/maven-surefire-plugin/xsd/surefire-test-report-3.0.xsd" version="3.0" name="TestSuite" time="194.419" tests="4" errors="0" skipped="0" failures="2">
  <properties>
[...]
</properties>
  <testcase name="test_2" classname="com.framework.smoke.TestCase2" time="62.969">
    <failure message="Logo isn&apos;t displayed expected [true] but found [false]" type="java.lang.AssertionError">java.lang.AssertionError: Logo isn't displayed expected [true] but found [false]
	at com.framework.smoke.TestCase2.test_2(TestCase2.java:24)
</failure>
    <system-out><![CDATA[2020-01-01 11:11:56 INFO  CustomLog:25 - ProcessUtils:43	-	Elastic search data deleted successfully
Allure environment data saved.
2020-01-01 11:12:04 INFO  CustomLog:25 - TestBase:28	-	browser set firefox
2020-01-01 11:12:04 INFO  CustomLog:25 - TestBase:28	-	browser set chrome
2020-01-01 11:12:14 INFO  CustomLog:25 - PageBase:35	-	Wait until the page load
2020-01-01 11:12:14 INFO  CustomLog:25 - Welcome:29	-	verify logo is present 
2020-01-01 11:12:17 INFO  CustomLog:25 - PageBase:35	-	Wait until the page load
2020-01-01 11:12:18 INFO  CustomLog:25 - Welcome:29	-	verify logo is present 
2020-01-01 11:13:17 ERROR CustomLog:41 -  Element Not found: Expected condition failed: Finding Element (tried for 60 second(s) with 500 milliseconds interval)
2020-01-01 11:13:21 ERROR CustomLog:41 -  Element Not found: Expected condition failed: Finding Element (tried for 60 second(s) with 500 milliseconds interval)
2020-01-01 11:13:21 ERROR CustomLog:41 - org.apache.http.conn.HttpHostConnectException: Connect to localhost:9200 [localhost/127.0.0.1, localhost/0:0:0:0:0:0:0:1] failed: Connection refused: connect
]]></system-out>
    <system-err><![CDATA[SLF4J: Failed to load class "org.slf4j.impl.StaticLoggerBinder".
SLF4J: Defaulting to no-operation (NOP) logger implementation
SLF4J: See http://www.slf4j.org/codes.html#StaticLoggerBinder for further details.
log4j:WARN No appenders could be found for logger (com.framework.utils.CustomLog).
log4j:WARN Please initialize the log4j system properly.
log4j:WARN See http://logging.apache.org/log4j/1.2/faq.html#noconfig for more info.
Starting ChromeDriver 79.0.3945.36 (3582db32b33893869b8c1339e8f4d9ed1816f143-refs/branch-heads/3945@{#614}) on port 10854
Only local connections are allowed.
Please protect ports used by ChromeDriver and related test frameworks to prevent access by malicious code.
Jan 01, 2020 11:12:01 AM org.openqa.selenium.remote.ProtocolHandshake createSession
INFO: Detected dialect: W3C
Starting ChromeDriver 79.0.3945.36 (3582db32b33893869b8c1339e8f4d9ed1816f143-refs/branch-heads/3945@{#614}) on port 12706
Only local connections are allowed.
Please protect ports used by ChromeDriver and related test frameworks to prevent access by malicious code.
1577857326791	mozrunner::runner	INFO	Running command: "C:\\Program Files\\Mozilla Firefox\\firefox.exe" "-marionette" "-foreground" "-no-remote" "-profile" "C:\\Users\\rampourw\\AppData\\Local\\Temp\\rust_mozprofile3ct7nT"
Jan 01, 2020 11:12:07 AM org.openqa.selenium.remote.ProtocolHandshake createSession
INFO: Detected dialect: W3C
1577857327615	addons.webextension.screenshots@mozilla.org	WARN	Loading extension 'screenshots@mozilla.org': Reading manifest: Invalid extension permission: mozillaAddons
1577857327615	addons.webextension.screenshots@mozilla.org	WARN	Loading extension 'screenshots@mozilla.org': Reading manifest: Invalid extension permission: telemetry
1577857327615	addons.webextension.screenshots@mozilla.org	WARN	Loading extension 'screenshots@mozilla.org': Reading manifest: Invalid extension permission: resource://pdf.js/
1577857327616	addons.webextension.screenshots@mozilla.org	WARN	Loading extension 'screenshots@mozilla.org': Reading manifest: Invalid extension permission: about:reader*
JavaScript error: resource:///modules/sessionstore/SessionStore.jsm, line 1325: uncaught exception: 2147746065
1577857331941	Marionette	INFO	Listening on port 54456
1577857332128	Marionette	WARN	TLS certificate errors will be ignored for this session
Jan 01, 2020 11:12:12 AM org.openqa.selenium.remote.ProtocolHandshake createSession
INFO: Detected dialect: W3C
Jan 01, 2020 11:13:17 AM org.openqa.selenium.remote.Augmenter extractRemoteWebDriver
WARNING: Augmenter should be applied to the instances of @Augmentable classes or previously augmented instances only (instance class was: class org.openqa.selenium.chrome.ChromeDriver)
Jan 01, 2020 11:13:21 AM org.openqa.selenium.remote.Augmenter extractRemoteWebDriver
WARNING: Augmenter should be applied to the instances of @Augmentable classes or previously augmented instances only (instance class was: class org.openqa.selenium.firefox.FirefoxDriver)
]]></system-err>
  </testcase>
  <testcase name="test_2" classname="com.framework.smoke.TestCase2" time="65.799">
    <failure message="Logo isn&apos;t displayed expected [true] but found [false]" type="java.lang.AssertionError">java.lang.AssertionError: Logo isn't displayed expected [true] but found [false]
	at com.framework.smoke.TestCase2.test_2(TestCase2.java:24)
</failure>
    <system-out><![CDATA[2020-01-01 11:13:21 INFO  CustomLog:25 - Hooks:66	-	Close the driver
2020-01-01 11:13:24 ERROR CustomLog:41 - org.apache.http.conn.HttpHostConnectException: Connect to localhost:9200 [localhost/127.0.0.1, localhost/0:0:0:0:0:0:0:1] failed: Connection refused: connect
]]></system-out>
  </testcase>
  <testcase name="test_1" classname="com.framework.smoke.TestCase1" time="60.987"/>
  <testcase name="test_1" classname="com.framework.smoke.TestCase1" time="65.982"/>
</testsuite>